3
3
6
1
0
ED_ActAro_hoprat1_U0_Nu3_Nd3_L6_EVvsG_011717.dat
Hopping rat: 1
TB: 400
gamma: 0
HopHam_up 

HopHam_dn 

SOCHam_up 

SOCHam_dn 

No problem building interaction Ham 
gamma: 0.1
HopHam_up 

HopHam_dn 

SOCHam_up 

SOCHam_dn 

gamma: 0.2
HopHam_up 

HopHam_dn 

SOCHam_up 

SOCHam_dn 

gamma: 0.3
HopHam_up 

HopHam_dn 

SOCHam_up 

SOCHam_dn 

gamma: 0.4
HopHam_up 

HopHam_dn 

SOCHam_up 

SOCHam_dn 

gamma: 0.5
HopHam_up 

HopHam_dn 

SOCHam_up 

SOCHam_dn 

gamma: 0.6
HopHam_up 

HopHam_dn 

SOCHam_up 

SOCHam_dn 

gamma: 0.7
HopHam_up 

HopHam_dn 

SOCHam_up 

SOCHam_dn 

gamma: 0.8
HopHam_up 

HopHam_dn 

SOCHam_up 

SOCHam_dn 

gamma: 0.9
HopHam_up 

HopHam_dn 

SOCHam_up 

SOCHam_dn 

gamma: 1
HopHam_up 

HopHam_dn 

SOCHam_up 

SOCHam_dn 

gamma: 1.1
HopHam_up 

HopHam_dn 

SOCHam_up 

SOCHam_dn 

gamma: 1.2
HopHam_up 

HopHam_dn 

SOCHam_up 

SOCHam_dn 

gamma: 1.3
HopHam_up 

HopHam_dn 

SOCHam_up 

SOCHam_dn 

gamma: 1.4
HopHam_up 

HopHam_dn 

SOCHam_up 

SOCHam_dn 

gamma: 1.5
HopHam_up 

HopHam_dn 

SOCHam_up 

SOCHam_dn 

gamma: 1.6
HopHam_up 

HopHam_dn 

SOCHam_up 

SOCHam_dn 

gamma: 1.7
HopHam_up 

HopHam_dn 

SOCHam_up 

SOCHam_dn 

gamma: 1.8
HopHam_up 

HopHam_dn 

SOCHam_up 

SOCHam_dn 

gamma: 1.9
HopHam_up 

HopHam_dn 

SOCHam_up 

SOCHam_dn 

gamma: 2
HopHam_up 

HopHam_dn 

SOCHam_up 

SOCHam_dn 

Code is Done! 
3
3
6
1
5
ED_ActAro_hoprat1_U5_Nu3_Nd3_L6_EVvsG_011717.dat
Hopping rat: 1
TB: 400
gamma: 0
HopHam_up 

HopHam_dn 

SOCHam_up 

SOCHam_dn 

No problem building interaction Ham 
gamma: 0.1
HopHam_up 

HopHam_dn 

SOCHam_up 

SOCHam_dn 

gamma: 0.2
HopHam_up 

HopHam_dn 

SOCHam_up 

SOCHam_dn 

gamma: 0.3
HopHam_up 

HopHam_dn 

SOCHam_up 

SOCHam_dn 

gamma: 0.4
HopHam_up 

HopHam_dn 

SOCHam_up 

SOCHam_dn 

gamma: 0.5
HopHam_up 

HopHam_dn 

SOCHam_up 

SOCHam_dn 

gamma: 0.6
HopHam_up 

HopHam_dn 

SOCHam_up 

SOCHam_dn 

gamma: 0.7
HopHam_up 

HopHam_dn 

SOCHam_up 

SOCHam_dn 

gamma: 0.8
HopHam_up 

HopHam_dn 

SOCHam_up 

SOCHam_dn 

gamma: 0.9
HopHam_up 

HopHam_dn 

SOCHam_up 

SOCHam_dn 

gamma: 1
HopHam_up 

HopHam_dn 

SOCHam_up 

SOCHam_dn 

gamma: 1.1
HopHam_up 

HopHam_dn 

SOCHam_up 

SOCHam_dn 

gamma: 1.2
HopHam_up 

HopHam_dn 

SOCHam_up 

SOCHam_dn 

gamma: 1.3
HopHam_up 

HopHam_dn 

SOCHam_up 

SOCHam_dn 

gamma: 1.4
HopHam_up 

HopHam_dn 

SOCHam_up 

SOCHam_dn 

gamma: 1.5
HopHam_up 

HopHam_dn 

SOCHam_up 

SOCHam_dn 

gamma: 1.6
HopHam_up 

HopHam_dn 

SOCHam_up 

SOCHam_dn 

gamma: 1.7
HopHam_up 

HopHam_dn 

SOCHam_up 

SOCHam_dn 

gamma: 1.8
HopHam_up 

HopHam_dn 

SOCHam_up 

SOCHam_dn 

gamma: 1.9
HopHam_up 

HopHam_dn 

SOCHam_up 

SOCHam_dn 

gamma: 2
HopHam_up 

HopHam_dn 

SOCHam_up 

SOCHam_dn 

Code is Done! 
3
3
6
1
100
ED_ActAro_hoprat1_U100_Nu3_Nd3_L6_EVvsG_011717.dat
Hopping rat: 1
TB: 400
gamma: 0
HopHam_up 

HopHam_dn 

SOCHam_up 

SOCHam_dn 

No problem building interaction Ham 
gamma: 0.1
HopHam_up 

HopHam_dn 

SOCHam_up 

SOCHam_dn 

gamma: 0.2
HopHam_up 

HopHam_dn 

SOCHam_up 

SOCHam_dn 

gamma: 0.3
HopHam_up 

HopHam_dn 

SOCHam_up 

SOCHam_dn 

gamma: 0.4
HopHam_up 

HopHam_dn 

SOCHam_up 

SOCHam_dn 

gamma: 0.5
HopHam_up 

HopHam_dn 

SOCHam_up 

SOCHam_dn 

gamma: 0.6
HopHam_up 

HopHam_dn 

SOCHam_up 

SOCHam_dn 

gamma: 0.7
HopHam_up 

HopHam_dn 

SOCHam_up 

SOCHam_dn 

gamma: 0.8
HopHam_up 

HopHam_dn 

SOCHam_up 

SOCHam_dn 

gamma: 0.9
HopHam_up 

HopHam_dn 

SOCHam_up 

SOCHam_dn 

gamma: 1
HopHam_up 

HopHam_dn 

SOCHam_up 

SOCHam_dn 

gamma: 1.1
HopHam_up 

HopHam_dn 

SOCHam_up 

SOCHam_dn 

gamma: 1.2
HopHam_up 

HopHam_dn 

SOCHam_up 

SOCHam_dn 

gamma: 1.3
HopHam_up 

HopHam_dn 

SOCHam_up 

SOCHam_dn 

gamma: 1.4
HopHam_up 

HopHam_dn 

SOCHam_up 

SOCHam_dn 

gamma: 1.5
HopHam_up 

HopHam_dn 

SOCHam_up 

SOCHam_dn 

gamma: 1.6
HopHam_up 

HopHam_dn 

SOCHam_up 

SOCHam_dn 

gamma: 1.7
HopHam_up 

HopHam_dn 

SOCHam_up 

SOCHam_dn 

gamma: 1.8
HopHam_up 

HopHam_dn 

SOCHam_up 

SOCHam_dn 

gamma: 1.9
HopHam_up 

HopHam_dn 

SOCHam_up 

SOCHam_dn 

gamma: 2
HopHam_up 

HopHam_dn 

SOCHam_up 

SOCHam_dn 

Code is Done! 
1
1
6
1
0
ED_ActAro_hoprat1_U0_Nu1_Nd1_L6_EVvsG_012317.dat
Hopping rat: 1
TB: 36
gamma: 0
HopHam_up 

HopHam_dn 

SOCHam_up 

SOCHam_dn 

No problem building interaction Ham 
gamma: 0.1
HopHam_up 

HopHam_dn 

SOCHam_up 

SOCHam_dn 

gamma: 0.2
HopHam_up 

HopHam_dn 

SOCHam_up 

SOCHam_dn 

gamma: 0.3
HopHam_up 

HopHam_dn 

SOCHam_up 

SOCHam_dn 

gamma: 0.4
HopHam_up 

HopHam_dn 

SOCHam_up 

SOCHam_dn 

gamma: 0.5
HopHam_up 

HopHam_dn 

SOCHam_up 

SOCHam_dn 

gamma: 0.6
HopHam_up 

HopHam_dn 

SOCHam_up 

SOCHam_dn 

gamma: 0.7
HopHam_up 

HopHam_dn 

SOCHam_up 

SOCHam_dn 

gamma: 0.8
HopHam_up 

HopHam_dn 

SOCHam_up 

SOCHam_dn 

gamma: 0.9
HopHam_up 

HopHam_dn 

SOCHam_up 

SOCHam_dn 

gamma: 1
HopHam_up 

HopHam_dn 

SOCHam_up 

SOCHam_dn 

gamma: 1.1
HopHam_up 

HopHam_dn 

SOCHam_up 

SOCHam_dn 

gamma: 1.2
HopHam_up 

HopHam_dn 

SOCHam_up 

SOCHam_dn 

gamma: 1.3
HopHam_up 

HopHam_dn 

SOCHam_up 

SOCHam_dn 

gamma: 1.4
HopHam_up 

HopHam_dn 

SOCHam_up 

SOCHam_dn 

gamma: 1.5
HopHam_up 

HopHam_dn 

SOCHam_up 

SOCHam_dn 

gamma: 1.6
HopHam_up 

HopHam_dn 

SOCHam_up 

SOCHam_dn 

gamma: 1.7
HopHam_up 

HopHam_dn 

SOCHam_up 

SOCHam_dn 

gamma: 1.8
HopHam_up 

HopHam_dn 

SOCHam_up 

SOCHam_dn 

gamma: 1.9
HopHam_up 

HopHam_dn 

SOCHam_up 

SOCHam_dn 

gamma: 2
HopHam_up 

HopHam_dn 

SOCHam_up 

SOCHam_dn 

Code is Done! 
1
1
6
1
0
ED_ActAro_hoprat1_overU_Nu1_Nd1_L6_EVvsU_012317.dat
Hopping rat: 1
TB: 36
gamma: 0
HopHam_up 

HopHam_dn 

SOCHam_up 

SOCHam_dn 

No problem building interaction Ham 
gamma: 0.1
HopHam_up 

HopHam_dn 

SOCHam_up 

SOCHam_dn 

gamma: 0.2
HopHam_up 

HopHam_dn 

SOCHam_up 

SOCHam_dn 

gamma: 0.3
HopHam_up 

HopHam_dn 

SOCHam_up 

SOCHam_dn 

gamma: 0.4
HopHam_up 

HopHam_dn 

SOCHam_up 

SOCHam_dn 

gamma: 0.5
HopHam_up 

HopHam_dn 

SOCHam_up 

SOCHam_dn 

gamma: 0.6
HopHam_up 

HopHam_dn 

SOCHam_up 

SOCHam_dn 

gamma: 0.7
HopHam_up 

HopHam_dn 

SOCHam_up 

SOCHam_dn 

gamma: 0.8
HopHam_up 

HopHam_dn 

SOCHam_up 

SOCHam_dn 

gamma: 0.9
HopHam_up 

HopHam_dn 

SOCHam_up 

SOCHam_dn 

gamma: 1
HopHam_up 

HopHam_dn 

SOCHam_up 

SOCHam_dn 

gamma: 1.1
HopHam_up 

HopHam_dn 

SOCHam_up 

SOCHam_dn 

gamma: 1.2
HopHam_up 

HopHam_dn 

SOCHam_up 

SOCHam_dn 

gamma: 1.3
HopHam_up 

HopHam_dn 

SOCHam_up 

SOCHam_dn 

gamma: 1.4
HopHam_up 

HopHam_dn 

SOCHam_up 

SOCHam_dn 

gamma: 1.5
HopHam_up 

HopHam_dn 

SOCHam_up 

SOCHam_dn 

gamma: 1.6
HopHam_up 

HopHam_dn 

SOCHam_up 

SOCHam_dn 

gamma: 1.7
HopHam_up 

HopHam_dn 

SOCHam_up 

SOCHam_dn 

gamma: 1.8
HopHam_up 

HopHam_dn 

SOCHam_up 

SOCHam_dn 

gamma: 1.9
HopHam_up 

HopHam_dn 

SOCHam_up 

SOCHam_dn 

gamma: 2
HopHam_up 

HopHam_dn 

SOCHam_up 

SOCHam_dn 

TB: 36
U: 0
HopHam_up 

HopHam_dn 

SOCHam_up 

SOCHam_dn 

No problem building interaction Ham 
U: 0.1
No problem building interaction Ham 
U: 0.2
No problem building interaction Ham 
U: 0.3
No problem building interaction Ham 
U: 0.4
No problem building interaction Ham 
U: 0.5
No problem building interaction Ham 
U: 0.6
No problem building interaction Ham 
U: 0.7
No problem building interaction Ham 
U: 0.8
No problem building interaction Ham 
U: 0.9
No problem building interaction Ham 
U: 1
No problem building interaction Ham 
U: 1.1
No problem building interaction Ham 
U: 1.2
No problem building interaction Ham 
U: 1.3
No problem building interaction Ham 
U: 1.4
No problem building interaction Ham 
U: 1.5
No problem building interaction Ham 
U: 1.6
No problem building interaction Ham 
U: 1.7
No problem building interaction Ham 
U: 1.8
No problem building interaction Ham 
U: 1.9
No problem building interaction Ham 
U: 2
No problem building interaction Ham 
U: 2.1
No problem building interaction Ham 
U: 2.2
No problem building interaction Ham 
U: 2.3
No problem building interaction Ham 
U: 2.4
No problem building interaction Ham 
U: 2.5
No problem building interaction Ham 
U: 2.6
No problem building interaction Ham 
U: 2.7
No problem building interaction Ham 
U: 2.8
No problem building interaction Ham 
U: 2.9
No problem building interaction Ham 
U: 3
No problem building interaction Ham 
U: 3.1
No problem building interaction Ham 
U: 3.2
No problem building interaction Ham 
U: 3.3
No problem building interaction Ham 
U: 3.4
No problem building interaction Ham 
U: 3.5
No problem building interaction Ham 
U: 3.6
No problem building interaction Ham 
U: 3.7
No problem building interaction Ham 
U: 3.8
No problem building interaction Ham 
U: 3.9
No problem building interaction Ham 
U: 4
No problem building interaction Ham 
U: 4.1
No problem building interaction Ham 
U: 4.2
No problem building interaction Ham 
U: 4.3
No problem building interaction Ham 
U: 4.4
No problem building interaction Ham 
U: 4.5
No problem building interaction Ham 
U: 4.6
No problem building interaction Ham 
U: 4.7
No problem building interaction Ham 
U: 4.8
No problem building interaction Ham 
U: 4.9
No problem building interaction Ham 
U: 5
No problem building interaction Ham 
U: 5.1
No problem building interaction Ham 
U: 5.2
No problem building interaction Ham 
U: 5.3
No problem building interaction Ham 
U: 5.4
No problem building interaction Ham 
U: 5.5
No problem building interaction Ham 
U: 5.6
No problem building interaction Ham 
U: 5.7
No problem building interaction Ham 
U: 5.8
No problem building interaction Ham 
U: 5.9
No problem building interaction Ham 
U: 6
No problem building interaction Ham 
U: 6.1
No problem building interaction Ham 
U: 6.2
No problem building interaction Ham 
U: 6.3
No problem building interaction Ham 
U: 6.4
No problem building interaction Ham 
U: 6.5
No problem building interaction Ham 
U: 6.6
No problem building interaction Ham 
U: 6.7
No problem building interaction Ham 
U: 6.8
No problem building interaction Ham 
U: 6.9
No problem building interaction Ham 
U: 7
No problem building interaction Ham 
U: 7.1
No problem building interaction Ham 
U: 7.2
No problem building interaction Ham 
U: 7.3
No problem building interaction Ham 
U: 7.4
No problem building interaction Ham 
U: 7.5
No problem building interaction Ham 
U: 7.6
No problem building interaction Ham 
U: 7.7
No problem building interaction Ham 
U: 7.8
No problem building interaction Ham 
U: 7.9
No problem building interaction Ham 
U: 8
No problem building interaction Ham 
U: 8.1
No problem building interaction Ham 
U: 8.2
No problem building interaction Ham 
U: 8.3
No problem building interaction Ham 
U: 8.4
No problem building interaction Ham 
U: 8.5
No problem building interaction Ham 
U: 8.6
No problem building interaction Ham 
U: 8.7
No problem building interaction Ham 
U: 8.8
No problem building interaction Ham 
U: 8.9
No problem building interaction Ham 
U: 9
No problem building interaction Ham 
U: 9.1
No problem building interaction Ham 
U: 9.2
No problem building interaction Ham 
U: 9.3
No problem building interaction Ham 
U: 9.4
No problem building interaction Ham 
U: 9.5
No problem building interaction Ham 
U: 9.6
No problem building interaction Ham 
U: 9.7
No problem building interaction Ham 
U: 9.8
No problem building interaction Ham 
U: 9.9
No problem building interaction Ham 
U: 10
No problem building interaction Ham 
Code is Done! 
3
3
6
1
0
ED_ActAro_hoprat1_overU_Nu3_Nd3_G1_L6_EVvsU_012317.dat
Hopping rat: 1
g: 1
TB: 400
U: 0
HopHam_up 

HopHam_dn 

SOCHam_up 

SOCHam_dn 

No problem building interaction Ham 
U: 0.01
No problem building interaction Ham 
U: 0.02
No problem building interaction Ham 
U: 0.03
No problem building interaction Ham 
U: 0.04
No problem building interaction Ham 
U: 0.05
No problem building interaction Ham 
U: 0.06
No problem building interaction Ham 
U: 0.07
No problem building interaction Ham 
U: 0.08
No problem building interaction Ham 
U: 0.09
No problem building interaction Ham 
U: 0.1
No problem building interaction Ham 
U: 0.11
No problem building interaction Ham 
U: 0.12
No problem building interaction Ham 
U: 0.13
No problem building interaction Ham 
U: 0.14
No problem building interaction Ham 
U: 0.15
No problem building interaction Ham 
U: 0.16
No problem building interaction Ham 
U: 0.17
No problem building interaction Ham 
U: 0.18
No problem building interaction Ham 
U: 0.19
No problem building interaction Ham 
U: 0.2
No problem building interaction Ham 
U: 0.21
No problem building interaction Ham 
U: 0.22
No problem building interaction Ham 
U: 0.23
No problem building interaction Ham 
U: 0.24
No problem building interaction Ham 
U: 0.25
No problem building interaction Ham 
U: 0.26
No problem building interaction Ham 
U: 0.27
No problem building interaction Ham 
U: 0.28
No problem building interaction Ham 
U: 0.29
No problem building interaction Ham 
U: 0.3
No problem building interaction Ham 
U: 0.31
No problem building interaction Ham 
U: 0.32
No problem building interaction Ham 
U: 0.33
No problem building interaction Ham 
U: 0.34
No problem building interaction Ham 
U: 0.35
No problem building interaction Ham 
U: 0.36
No problem building interaction Ham 
U: 0.37
No problem building interaction Ham 
U: 0.38
No problem building interaction Ham 
U: 0.39
No problem building interaction Ham 
U: 0.4
No problem building interaction Ham 
U: 0.41
No problem building interaction Ham 
U: 0.42
No problem building interaction Ham 
U: 0.43
No problem building interaction Ham 
U: 0.44
No problem building interaction Ham 
U: 0.45
No problem building interaction Ham 
U: 0.46
No problem building interaction Ham 
U: 0.47
No problem building interaction Ham 
U: 0.48
No problem building interaction Ham 
U: 0.49
No problem building interaction Ham 
U: 0.5
No problem building interaction Ham 
U: 0.51
No problem building interaction Ham 
U: 0.52
No problem building interaction Ham 
U: 0.53
No problem building interaction Ham 
U: 0.54
No problem building interaction Ham 
U: 0.55
No problem building interaction Ham 
U: 0.56
No problem building interaction Ham 
U: 0.57
No problem building interaction Ham 
U: 0.58
No problem building interaction Ham 
U: 0.59
No problem building interaction Ham 
U: 0.6
No problem building interaction Ham 
U: 0.61
No problem building interaction Ham 
U: 0.62
No problem building interaction Ham 
U: 0.63
No problem building interaction Ham 
U: 0.64
No problem building interaction Ham 
U: 0.65
No problem building interaction Ham 
U: 0.66
No problem building interaction Ham 
U: 0.67
No problem building interaction Ham 
U: 0.68
No problem building interaction Ham 
U: 0.69
No problem building interaction Ham 
U: 0.7
No problem building interaction Ham 
U: 0.71
No problem building interaction Ham 
U: 0.72
No problem building interaction Ham 
U: 0.73
No problem building interaction Ham 
U: 0.74
No problem building interaction Ham 
U: 0.75
No problem building interaction Ham 
U: 0.76
No problem building interaction Ham 
U: 0.77
No problem building interaction Ham 
U: 0.78
No problem building interaction Ham 
U: 0.79
No problem building interaction Ham 
U: 0.8
No problem building interaction Ham 
U: 0.81
No problem building interaction Ham 
U: 0.82
No problem building interaction Ham 
U: 0.83
No problem building interaction Ham 
U: 0.84
No problem building interaction Ham 
U: 0.85
No problem building interaction Ham 
U: 0.86
No problem building interaction Ham 
U: 0.87
No problem building interaction Ham 
U: 0.88
No problem building interaction Ham 
U: 0.89
No problem building interaction Ham 
U: 0.9
No problem building interaction Ham 
U: 0.91
No problem building interaction Ham 
U: 0.92
No problem building interaction Ham 
U: 0.93
No problem building interaction Ham 
U: 0.94
No problem building interaction Ham 
U: 0.95
No problem building interaction Ham 
U: 0.96
No problem building interaction Ham 
U: 0.97
No problem building interaction Ham 
U: 0.98
No problem building interaction Ham 
U: 0.99
No problem building interaction Ham 
U: 1
No problem building interaction Ham 
U: 1.01
No problem building interaction Ham 
U: 1.02
No problem building interaction Ham 
U: 1.03
No problem building interaction Ham 
U: 1.04
No problem building interaction Ham 
U: 1.05
No problem building interaction Ham 
U: 1.06
No problem building interaction Ham 
U: 1.07
No problem building interaction Ham 
U: 1.08
No problem building interaction Ham 
U: 1.09
No problem building interaction Ham 
U: 1.1
No problem building interaction Ham 
U: 1.11
No problem building interaction Ham 
U: 1.12
No problem building interaction Ham 
U: 1.13
No problem building interaction Ham 
U: 1.14
No problem building interaction Ham 
U: 1.15
No problem building interaction Ham 
U: 1.16
No problem building interaction Ham 
U: 1.17
No problem building interaction Ham 
U: 1.18
No problem building interaction Ham 
U: 1.19
No problem building interaction Ham 
U: 1.2
No problem building interaction Ham 
U: 1.21
No problem building interaction Ham 
U: 1.22
No problem building interaction Ham 
U: 1.23
No problem building interaction Ham 
U: 1.24
No problem building interaction Ham 
U: 1.25
No problem building interaction Ham 
U: 1.26
No problem building interaction Ham 
U: 1.27
No problem building interaction Ham 
U: 1.28
No problem building interaction Ham 
U: 1.29
No problem building interaction Ham 
U: 1.3
No problem building interaction Ham 
U: 1.31
No problem building interaction Ham 
U: 1.32
No problem building interaction Ham 
U: 1.33
No problem building interaction Ham 
U: 1.34
No problem building interaction Ham 
U: 1.35
No problem building interaction Ham 
U: 1.36
No problem building interaction Ham 
U: 1.37
No problem building interaction Ham 
U: 1.38
No problem building interaction Ham 
U: 1.39
No problem building interaction Ham 
U: 1.4
No problem building interaction Ham 
U: 1.41
No problem building interaction Ham 
U: 1.42
No problem building interaction Ham 
U: 1.43
No problem building interaction Ham 
U: 1.44
No problem building interaction Ham 
U: 1.45
No problem building interaction Ham 
U: 1.46
No problem building interaction Ham 
U: 1.47
No problem building interaction Ham 
U: 1.48
No problem building interaction Ham 
U: 1.49
No problem building interaction Ham 
U: 1.5
No problem building interaction Ham 
U: 1.51
No problem building interaction Ham 
U: 1.52
No problem building interaction Ham 
U: 1.53
No problem building interaction Ham 
U: 1.54
No problem building interaction Ham 
U: 1.55
No problem building interaction Ham 
U: 1.56
No problem building interaction Ham 
U: 1.57
No problem building interaction Ham 
U: 1.58
No problem building interaction Ham 
U: 1.59
No problem building interaction Ham 
U: 1.6
No problem building interaction Ham 
U: 1.61
No problem building interaction Ham 
U: 1.62
No problem building interaction Ham 
U: 1.63
No problem building interaction Ham 
U: 1.64
No problem building interaction Ham 
U: 1.65
No problem building interaction Ham 
U: 1.66
No problem building interaction Ham 
U: 1.67
No problem building interaction Ham 
U: 1.68
No problem building interaction Ham 
U: 1.69
No problem building interaction Ham 
U: 1.7
No problem building interaction Ham 
U: 1.71
No problem building interaction Ham 
U: 1.72
No problem building interaction Ham 
U: 1.73
No problem building interaction Ham 
U: 1.74
No problem building interaction Ham 
U: 1.75
No problem building interaction Ham 
U: 1.76
No problem building interaction Ham 
U: 1.77
No problem building interaction Ham 
U: 1.78
No problem building interaction Ham 
U: 1.79
No problem building interaction Ham 
U: 1.8
No problem building interaction Ham 
U: 1.81
No problem building interaction Ham 
U: 1.82
No problem building interaction Ham 
U: 1.83
No problem building interaction Ham 
U: 1.84
No problem building interaction Ham 
U: 1.85
No problem building interaction Ham 
U: 1.86
No problem building interaction Ham 
U: 1.87
No problem building interaction Ham 
U: 1.88
No problem building interaction Ham 
U: 1.89
No problem building interaction Ham 
U: 1.9
No problem building interaction Ham 
U: 1.91
No problem building interaction Ham 
U: 1.92
No problem building interaction Ham 
U: 1.93
No problem building interaction Ham 
U: 1.94
No problem building interaction Ham 
U: 1.95
No problem building interaction Ham 
U: 1.96
No problem building interaction Ham 
U: 1.97
No problem building interaction Ham 
U: 1.98
No problem building interaction Ham 
U: 1.99
No problem building interaction Ham 
U: 2
No problem building interaction Ham 
U: 2.01
No problem building interaction Ham 
U: 2.02
No problem building interaction Ham 
U: 2.03
No problem building interaction Ham 
U: 2.04
No problem building interaction Ham 
U: 2.05
No problem building interaction Ham 
U: 2.06
No problem building interaction Ham 
U: 2.07
No problem building interaction Ham 
U: 2.08
No problem building interaction Ham 
U: 2.09
No problem building interaction Ham 
U: 2.1
No problem building interaction Ham 
U: 2.11
No problem building interaction Ham 
U: 2.12
No problem building interaction Ham 
U: 2.13
No problem building interaction Ham 
U: 2.14
No problem building interaction Ham 
U: 2.15
No problem building interaction Ham 
U: 2.16
No problem building interaction Ham 
U: 2.17
No problem building interaction Ham 
U: 2.18
No problem building interaction Ham 
U: 2.19
No problem building interaction Ham 
U: 2.2
No problem building interaction Ham 
U: 2.21
No problem building interaction Ham 
U: 2.22
No problem building interaction Ham 
U: 2.23
No problem building interaction Ham 
U: 2.24
No problem building interaction Ham 
U: 2.25
No problem building interaction Ham 
U: 2.26
No problem building interaction Ham 
U: 2.27
No problem building interaction Ham 
U: 2.28
No problem building interaction Ham 
U: 2.29
No problem building interaction Ham 
U: 2.3
No problem building interaction Ham 
U: 2.31
No problem building interaction Ham 
U: 2.32
No problem building interaction Ham 
U: 2.33
No problem building interaction Ham 
U: 2.34
No problem building interaction Ham 
U: 2.35
No problem building interaction Ham 
U: 2.36
No problem building interaction Ham 
U: 2.37
No problem building interaction Ham 
U: 2.38
No problem building interaction Ham 
U: 2.39
No problem building interaction Ham 
U: 2.4
No problem building interaction Ham 
U: 2.41
No problem building interaction Ham 
U: 2.42
No problem building interaction Ham 
U: 2.43
No problem building interaction Ham 
U: 2.44
No problem building interaction Ham 
U: 2.45
No problem building interaction Ham 
U: 2.46
No problem building interaction Ham 
U: 2.47
No problem building interaction Ham 
U: 2.48
No problem building interaction Ham 
U: 2.49
No problem building interaction Ham 
U: 2.5
No problem building interaction Ham 
U: 2.51
No problem building interaction Ham 
U: 2.52
No problem building interaction Ham 
U: 2.53
No problem building interaction Ham 
U: 2.54
No problem building interaction Ham 
U: 2.55
No problem building interaction Ham 
U: 2.56
No problem building interaction Ham 
U: 2.57
No problem building interaction Ham 
U: 2.58
No problem building interaction Ham 
U: 2.59
No problem building interaction Ham 
U: 2.6
No problem building interaction Ham 
U: 2.61
No problem building interaction Ham 
U: 2.62
No problem building interaction Ham 
U: 2.63
No problem building interaction Ham 
U: 2.64
No problem building interaction Ham 
U: 2.65
No problem building interaction Ham 
U: 2.66
No problem building interaction Ham 
U: 2.67
No problem building interaction Ham 
U: 2.68
No problem building interaction Ham 
U: 2.69
No problem building interaction Ham 
U: 2.7
No problem building interaction Ham 
U: 2.71
No problem building interaction Ham 
U: 2.72
No problem building interaction Ham 
U: 2.73
No problem building interaction Ham 
U: 2.74
No problem building interaction Ham 
U: 2.75
No problem building interaction Ham 
U: 2.76
No problem building interaction Ham 
U: 2.77
No problem building interaction Ham 
U: 2.78
No problem building interaction Ham 
U: 2.79
No problem building interaction Ham 
U: 2.8
No problem building interaction Ham 
U: 2.81
No problem building interaction Ham 
U: 2.82
No problem building interaction Ham 
U: 2.83
No problem building interaction Ham 
U: 2.84
No problem building interaction Ham 
U: 2.85
No problem building interaction Ham 
U: 2.86
No problem building interaction Ham 
U: 2.87
No problem building interaction Ham 
U: 2.88
No problem building interaction Ham 
U: 2.89
No problem building interaction Ham 
U: 2.9
No problem building interaction Ham 
U: 2.91
No problem building interaction Ham 
U: 2.92
No problem building interaction Ham 
U: 2.93
No problem building interaction Ham 
U: 2.94
No problem building interaction Ham 
U: 2.95
No problem building interaction Ham 
U: 2.96
No problem building interaction Ham 
U: 2.97
No problem building interaction Ham 
U: 2.98
No problem building interaction Ham 
U: 2.99
No problem building interaction Ham 
U: 3
No problem building interaction Ham 
Code is Done! 
